Using pre-set license
Built from '2020.3/staging' branch; Version is '2020.3.11f1 (99c7afb366b3) revision 10078127'; Using compiler version '192528614'; Build Type 'Release'
OS: 'Windows 10 Pro; OS build 18363.1556; Version 1909; 64bit' Language: 'pt' Physical Memory: 32688 MB
BatchMode: 1, IsHumanControllingUs: 0, StartBugReporterOnCrash: 0, Is64bit: 1, IsPro: 0

 COMMAND LINE ARGUMENTS:
D:\Program Files\UnityVersions\2020.3.11f1\Editor\Unity.exe
-adb2
-batchMode
-noUpm
-name
AssetImportWorker0
-projectPath
D:/Projects/Unity Projects/TCC/TurnBasedLearningGame
-logFile
Logs/AssetImportWorker0.log
-srvPort
65095
Successfully changed project path to: D:/Projects/Unity Projects/TCC/TurnBasedLearningGame
D:/Projects/Unity Projects/TCC/TurnBasedLearningGame
Using Asset Import Pipeline V2.
Refreshing native plugins compatible for Editor in 40.98 ms, found 3 plugins.
Preloading 0 native plugins for Editor in 0.00 ms.
Initialize engine version: 2020.3.11f1 (99c7afb366b3)
[Subsystems] Discovering subsystems at path D:/Program Files/UnityVersions/2020.3.11f1/Editor/Data/Resources/UnitySubsystems
[Subsystems] Discovering subsystems at path D:/Projects/Unity Projects/TCC/TurnBasedLearningGame/Assets
GfxDevice: creating device client; threaded=0
Direct3D:
    Version:  Direct3D 11.0 [level 11.1]
    Renderer: NVIDIA GeForce RTX 3070 (ID=0x2484)
    Vendor:   
    VRAM:     8043 MB
    Driver:   27.21.14.6589
Initialize mono
Mono path[0] = 'D:/Program Files/UnityVersions/2020.3.11f1/Editor/Data/Managed'
Mono path[1] = 'D:/Program Files/UnityVersions/2020.3.11f1/Editor/Data/MonoBleedingEdge/lib/mono/unityjit'
Mono config path = 'D:/Program Files/UnityVersions/2020.3.11f1/Editor/Data/MonoBleedingEdge/etc'
Using monoOptions --debugger-agent=transport=dt_socket,embedding=1,server=y,suspend=n,address=127.0.0.1:56616
Begin MonoManager ReloadAssembly
Registering precompiled unity dll's ...
Register platform support module: D:/Program Files/UnityVersions/2020.3.11f1/Editor/Data/PlaybackEngines/WebGLSupport/UnityEditor.WebGL.Extensions.dll
Register platform support module: D:/Program Files/UnityVersions/2020.3.11f1/Editor/Data/PlaybackEngines/WindowsStandaloneSupport/UnityEditor.WindowsStandalone.Extensions.dll
Registered in 0.005772 seconds.
Native extension for WindowsStandalone target not found
Native extension for WebGL target not found
Refreshing native plugins compatible for Editor in 36.49 ms, found 3 plugins.
Preloading 0 native plugins for Editor in 0.00 ms.
Mono: successfully reloaded assembly
- Completed reload, in  2.486 seconds
Platform modules already initialized, skipping
Registering precompiled user dll's ...
Registered in 0.008301 seconds.
Begin MonoManager ReloadAssembly
Native extension for WindowsStandalone target not found
Native extension for WebGL target not found
Refreshing native plugins compatible for Editor in 37.13 ms, found 3 plugins.
Preloading 0 native plugins for Editor in 0.00 ms.
Mono: successfully reloaded assembly
- Completed reload, in  1.005 seconds
Platform modules already initialized, skipping
========================================================================
Worker process is ready to serve import requests
Launched and connected shader compiler UnityShaderCompiler.exe after 0.05 seconds
Refreshing native plugins compatible for Editor in 0.44 ms, found 3 plugins.
Preloading 0 native plugins for Editor in 0.00 ms.
Unloading 2263 Unused Serialized files (Serialized files now loaded: 0)
System memory in use before: 99.6 MB.
System memory in use after: 99.7 MB.

Unloading 28 unused Assets to reduce memory usage. Loaded Objects now: 2703.
Total: 1.855700 ms (FindLiveObjects: 0.206400 ms CreateObjectMapping: 0.093600 ms MarkObjects: 1.497300 ms  DeleteObjects: 0.057600 ms)

========================================================================
Received Import Request.
  path: Assets/Scripts/PlayerData.cs
  artifactKey: Guid(e32eaecdba0139543b205353ef9e198a) Importer(815301076,1909f56bfc062723c751e8b465ee728b)
Start importing Assets/Scripts/PlayerData.cs using Guid(e32eaecdba0139543b205353ef9e198a) Importer(815301076,1909f56bfc062723c751e8b465ee728b)  -> (artifact id: '988be7714d731aec4422f6a79a7c0355') in 0.031316 seconds
  Import took 0.034001 seconds .

========================================================================
Received Import Request.
  Time since last request: 0.000249 seconds.
  path: Assets/Scripts/Managers/SpriteManager.cs
  artifactKey: Guid(75eae70ad39cb2f4392b89d887dd0167) Importer(815301076,1909f56bfc062723c751e8b465ee728b)
Start importing Assets/Scripts/Managers/SpriteManager.cs using Guid(75eae70ad39cb2f4392b89d887dd0167) Importer(815301076,1909f56bfc062723c751e8b465ee728b)  -> (artifact id: '60451fce0741536a93a4364570ea382a') in 0.002656 seconds
  Import took 0.004845 seconds .

========================================================================
Received Import Request.
  Time since last request: 5.709145 seconds.
  path: Assets/Scripts/BattleScene/MessageGenerator.cs
  artifactKey: Guid(586ec92ac9a15ba46baebd69053d5b7e) Importer(815301076,1909f56bfc062723c751e8b465ee728b)
Start importing Assets/Scripts/BattleScene/MessageGenerator.cs using Guid(586ec92ac9a15ba46baebd69053d5b7e) Importer(815301076,1909f56bfc062723c751e8b465ee728b)  -> (artifact id: '9abff7a26a1da8c56e73ab57ce35abab') in 0.002543 seconds
  Import took 0.005415 seconds .

========================================================================
Received Prepare
Registering precompiled user dll's ...
Registered in 0.007879 seconds.
Begin MonoManager ReloadAssembly
Native extension for WindowsStandalone target not found
Native extension for WebGL target not found
Refreshing native plugins compatible for Editor in 0.53 ms, found 3 plugins.
Preloading 0 native plugins for Editor in 0.00 ms.
Mono: successfully reloaded assembly
- Completed reload, in  1.056 seconds
Platform modules already initialized, skipping
Refreshing native plugins compatible for Editor in 0.45 ms, found 3 plugins.
Preloading 0 native plugins for Editor in 0.00 ms.
Unloading 2242 Unused Serialized files (Serialized files now loaded: 0)
System memory in use before: 98.0 MB.
System memory in use after: 98.1 MB.

Unloading 17 unused Assets to reduce memory usage. Loaded Objects now: 2707.
Total: 1.888300 ms (FindLiveObjects: 0.183400 ms CreateObjectMapping: 0.091900 ms MarkObjects: 1.597100 ms  DeleteObjects: 0.015000 ms)

========================================================================
Received Prepare
Registering precompiled user dll's ...
Registered in 0.007706 seconds.
Begin MonoManager ReloadAssembly
Native extension for WindowsStandalone target not found
Native extension for WebGL target not found
Refreshing native plugins compatible for Editor in 0.48 ms, found 3 plugins.
Preloading 0 native plugins for Editor in 0.00 ms.
Mono: successfully reloaded assembly
- Completed reload, in  0.895 seconds
Platform modules already initialized, skipping
Refreshing native plugins compatible for Editor in 0.44 ms, found 3 plugins.
Preloading 0 native plugins for Editor in 0.00 ms.
Unloading 2242 Unused Serialized files (Serialized files now loaded: 0)
System memory in use before: 98.2 MB.
System memory in use after: 98.3 MB.

Unloading 17 unused Assets to reduce memory usage. Loaded Objects now: 2710.
Total: 1.995600 ms (FindLiveObjects: 0.204100 ms CreateObjectMapping: 0.081400 ms MarkObjects: 1.695200 ms  DeleteObjects: 0.014100 ms)

========================================================================
Received Import Request.
  Time since last request: 582.576638 seconds.
  path: Assets/Scripts/BattleScene/MessageGenerator.cs
  artifactKey: Guid(586ec92ac9a15ba46baebd69053d5b7e) Importer(815301076,1909f56bfc062723c751e8b465ee728b)
Start importing Assets/Scripts/BattleScene/MessageGenerator.cs using Guid(586ec92ac9a15ba46baebd69053d5b7e) Importer(815301076,1909f56bfc062723c751e8b465ee728b)  -> (artifact id: 'b6a83772b0b5a31074809cdb0df50d47') in 0.004602 seconds
  Import took 0.007373 seconds .

========================================================================
Received Import Request.
  Time since last request: 0.007369 seconds.
  path: Assets/Scripts/BattleScene/MessageGenerator.cs
  artifactKey: Guid(586ec92ac9a15ba46baebd69053d5b7e) Importer(815301076,1909f56bfc062723c751e8b465ee728b)
Start importing Assets/Scripts/BattleScene/MessageGenerator.cs using Guid(586ec92ac9a15ba46baebd69053d5b7e) Importer(815301076,1909f56bfc062723c751e8b465ee728b)  -> (artifact id: 'b6a83772b0b5a31074809cdb0df50d47') in 0.002314 seconds
  Import took 0.004930 seconds .

========================================================================
Received Prepare
Registering precompiled user dll's ...
Registered in 0.007652 seconds.
Begin MonoManager ReloadAssembly
Native extension for WindowsStandalone target not found
Native extension for WebGL target not found
Refreshing native plugins compatible for Editor in 0.45 ms, found 3 plugins.
Preloading 0 native plugins for Editor in 0.00 ms.
Mono: successfully reloaded assembly
- Completed reload, in  0.906 seconds
Platform modules already initialized, skipping
Refreshing native plugins compatible for Editor in 0.44 ms, found 3 plugins.
Preloading 0 native plugins for Editor in 0.00 ms.
Unloading 2242 Unused Serialized files (Serialized files now loaded: 0)
System memory in use before: 98.2 MB.
System memory in use after: 98.3 MB.

Unloading 17 unused Assets to reduce memory usage. Loaded Objects now: 2713.
Total: 1.753400 ms (FindLiveObjects: 0.206300 ms CreateObjectMapping: 0.084500 ms MarkObjects: 1.447100 ms  DeleteObjects: 0.014800 ms)

========================================================================
Received Prepare
Registering precompiled user dll's ...
Registered in 0.008254 seconds.
Begin MonoManager ReloadAssembly
Native extension for WindowsStandalone target not found
Native extension for WebGL target not found
Refreshing native plugins compatible for Editor in 0.46 ms, found 3 plugins.
Preloading 0 native plugins for Editor in 0.00 ms.
Mono: successfully reloaded assembly
- Completed reload, in  0.906 seconds
Platform modules already initialized, skipping
Refreshing native plugins compatible for Editor in 0.43 ms, found 3 plugins.
Preloading 0 native plugins for Editor in 0.00 ms.
Unloading 2242 Unused Serialized files (Serialized files now loaded: 0)
System memory in use before: 98.2 MB.
System memory in use after: 98.3 MB.

Unloading 17 unused Assets to reduce memory usage. Loaded Objects now: 2716.
Total: 2.005500 ms (FindLiveObjects: 0.227100 ms CreateObjectMapping: 0.075600 ms MarkObjects: 1.686200 ms  DeleteObjects: 0.015700 ms)

========================================================================
Received Import Request.
  Time since last request: 193.449383 seconds.
  path: Assets/Scripts/BattleScene/MessageGenerator.cs
  artifactKey: Guid(586ec92ac9a15ba46baebd69053d5b7e) Importer(815301076,1909f56bfc062723c751e8b465ee728b)
Start importing Assets/Scripts/BattleScene/MessageGenerator.cs using Guid(586ec92ac9a15ba46baebd69053d5b7e) Importer(815301076,1909f56bfc062723c751e8b465ee728b)  -> (artifact id: 'f3eb16699a8117d1f50754d1e5c1897d') in 0.004636 seconds
  Import took 0.007396 seconds .

========================================================================
Received Import Request.
  Time since last request: 0.007372 seconds.
  path: Assets/Scripts/BattleScene/MessageGenerator.cs
  artifactKey: Guid(586ec92ac9a15ba46baebd69053d5b7e) Importer(815301076,1909f56bfc062723c751e8b465ee728b)
Start importing Assets/Scripts/BattleScene/MessageGenerator.cs using Guid(586ec92ac9a15ba46baebd69053d5b7e) Importer(815301076,1909f56bfc062723c751e8b465ee728b)  -> (artifact id: 'f3eb16699a8117d1f50754d1e5c1897d') in 0.002284 seconds
  Import took 0.004931 seconds .

